<?xml version="1.0" encoding="UTF-8"?>
<testsuites name="jest tests" tests="9" failures="2" errors="0" time="2.304">
  <testsuite name="undefined" errors="0" failures="0" skipped="0" timestamp="2025-12-01T04:17:57" time="0.458" tests="1">
    <testcase classname=" placeholder test" name=" placeholder test" time="0.009">
    </testcase>
  </testsuite>
  <testsuite name="Donation Tracker Form Integration Tests" errors="0" failures="2" skipped="0" timestamp="2025-12-01T04:17:58" time="0.781" tests="8">
    <testcase classname="Donation Tracker Form Integration Tests Submitting valid form updates temporary data object correctly" name="Donation Tracker Form Integration Tests Submitting valid form updates temporary data object correctly" time="0.08">
      <failure>Error: expect(received).not.toBeNull()

Received: null
    at Object.toBeNull (C:\Users\gilla\OneDrive\Documents\RRC\COMP 2230\assignment-7-2230\section-1.test.js:43:22)
    at Promise.finally.completed (C:\Users\gilla\OneDrive\Documents\RRC\COMP 2230\assignment-7-2230\node_modules\jest-circus\build\jestAdapterInit.js:1557:28)
    at new Promise (&lt;anonymous&gt;)
    at callAsyncCircusFn (C:\Users\gilla\OneDrive\Documents\RRC\COMP 2230\assignment-7-2230\node_modules\jest-circus\build\jestAdapterInit.js:1497:10)
    at _callCircusHook (C:\Users\gilla\OneDrive\Documents\RRC\COMP 2230\assignment-7-2230\node_modules\jest-circus\build\jestAdapterInit.js:976:40)
    at processTicksAndRejections (node:internal/process/task_queues:103:5)
    at _runTest (C:\Users\gilla\OneDrive\Documents\RRC\COMP 2230\assignment-7-2230\node_modules\jest-circus\build\jestAdapterInit.js:941:5)
    at C:\Users\gilla\OneDrive\Documents\RRC\COMP 2230\assignment-7-2230\node_modules\jest-circus\build\jestAdapterInit.js:849:7
    at _runTestsForDescribeBlock (C:\Users\gilla\OneDrive\Documents\RRC\COMP 2230\assignment-7-2230\node_modules\jest-circus\build\jestAdapterInit.js:862:11)
    at _runTestsForDescribeBlock (C:\Users\gilla\OneDrive\Documents\RRC\COMP 2230\assignment-7-2230\node_modules\jest-circus\build\jestAdapterInit.js:857:11)
    at run (C:\Users\gilla\OneDrive\Documents\RRC\COMP 2230\assignment-7-2230\node_modules\jest-circus\build\jestAdapterInit.js:761:3)
    at runAndTransformResultsToJestFormat (C:\Users\gilla\OneDrive\Documents\RRC\COMP 2230\assignment-7-2230\node_modules\jest-circus\build\jestAdapterInit.js:1918:21)
    at jestAdapter (C:\Users\gilla\OneDrive\Documents\RRC\COMP 2230\assignment-7-2230\node_modules\jest-circus\build\runner.js:101:19)
    at runTestInternal (C:\Users\gilla\OneDrive\Documents\RRC\COMP 2230\assignment-7-2230\node_modules\jest-runner\build\testWorker.js:275:16)
    at runTest (C:\Users\gilla\OneDrive\Documents\RRC\COMP 2230\assignment-7-2230\node_modules\jest-runner\build\testWorker.js:343:7)
    at Object.worker (C:\Users\gilla\OneDrive\Documents\RRC\COMP 2230\assignment-7-2230\node_modules\jest-runner\build\testWorker.js:497:12)</failure>
    </testcase>
    <testcase classname="Donation Tracker Form Integration Tests Submitting invalid form triggers validation feedback" name="Donation Tracker Form Integration Tests Submitting invalid form triggers validation feedback" time="0.026">
      <failure>Error: expect(received).not.toBeNull()

Received: null
    at Object.toBeNull (C:\Users\gilla\OneDrive\Documents\RRC\COMP 2230\assignment-7-2230\section-1.test.js:43:22)
    at Promise.finally.completed (C:\Users\gilla\OneDrive\Documents\RRC\COMP 2230\assignment-7-2230\node_modules\jest-circus\build\jestAdapterInit.js:1557:28)
    at new Promise (&lt;anonymous&gt;)
    at callAsyncCircusFn (C:\Users\gilla\OneDrive\Documents\RRC\COMP 2230\assignment-7-2230\node_modules\jest-circus\build\jestAdapterInit.js:1497:10)
    at _callCircusHook (C:\Users\gilla\OneDrive\Documents\RRC\COMP 2230\assignment-7-2230\node_modules\jest-circus\build\jestAdapterInit.js:976:40)
    at processTicksAndRejections (node:internal/process/task_queues:103:5)
    at _runTest (C:\Users\gilla\OneDrive\Documents\RRC\COMP 2230\assignment-7-2230\node_modules\jest-circus\build\jestAdapterInit.js:941:5)
    at C:\Users\gilla\OneDrive\Documents\RRC\COMP 2230\assignment-7-2230\node_modules\jest-circus\build\jestAdapterInit.js:849:7
    at _runTestsForDescribeBlock (C:\Users\gilla\OneDrive\Documents\RRC\COMP 2230\assignment-7-2230\node_modules\jest-circus\build\jestAdapterInit.js:862:11)
    at _runTestsForDescribeBlock (C:\Users\gilla\OneDrive\Documents\RRC\COMP 2230\assignment-7-2230\node_modules\jest-circus\build\jestAdapterInit.js:857:11)
    at run (C:\Users\gilla\OneDrive\Documents\RRC\COMP 2230\assignment-7-2230\node_modules\jest-circus\build\jestAdapterInit.js:761:3)
    at runAndTransformResultsToJestFormat (C:\Users\gilla\OneDrive\Documents\RRC\COMP 2230\assignment-7-2230\node_modules\jest-circus\build\jestAdapterInit.js:1918:21)
    at jestAdapter (C:\Users\gilla\OneDrive\Documents\RRC\COMP 2230\assignment-7-2230\node_modules\jest-circus\build\runner.js:101:19)
    at runTestInternal (C:\Users\gilla\OneDrive\Documents\RRC\COMP 2230\assignment-7-2230\node_modules\jest-runner\build\testWorker.js:275:16)
    at runTest (C:\Users\gilla\OneDrive\Documents\RRC\COMP 2230\assignment-7-2230\node_modules\jest-runner\build\testWorker.js:343:7)
    at Object.worker (C:\Users\gilla\OneDrive\Documents\RRC\COMP 2230\assignment-7-2230\node_modules\jest-runner\build\testWorker.js:497:12)</failure>
    </testcase>
    <testcase classname="Donation Tracker Unit Tests Identifies empty required fields" name="Donation Tracker Unit Tests Identifies empty required fields" time="0.002">
    </testcase>
    <testcase classname="Donation Tracker Unit Tests Flags invalid donation amounts (non-numeric)" name="Donation Tracker Unit Tests Flags invalid donation amounts (non-numeric)" time="0.001">
    </testcase>
    <testcase classname="Donation Tracker Unit Tests Flags invalid donation amounts (negative)" name="Donation Tracker Unit Tests Flags invalid donation amounts (negative)" time="0.005">
    </testcase>
    <testcase classname="Donation Tracker Unit Tests Returns no errors for valid input" name="Donation Tracker Unit Tests Returns no errors for valid input" time="0.002">
    </testcase>
    <testcase classname="Donation Tracker Unit Tests Returns correct donation object for valid inputs" name="Donation Tracker Unit Tests Returns correct donation object for valid inputs" time="0.001">
    </testcase>
    <testcase classname="Donation Tracker Unit Tests Handles optional comment gracefully" name="Donation Tracker Unit Tests Handles optional comment gracefully" time="0.001">
    </testcase>
  </testsuite>
</testsuites>