<?xml version="1.0" encoding="UTF-8"?>
<testsuites name="jest tests" tests="3" failures="0" errors="0" time="1.256">
  <testsuite name="Volunteer Tracker Form – Integration Tests" errors="0" failures="0" skipped="0" timestamp="2025-11-30T06:02:35" time="0.435" tests="2">
    <testcase classname="Volunteer Tracker Form – Integration Tests Submitting valid form logs correct volunteer data" name="Volunteer Tracker Form – Integration Tests Submitting valid form logs correct volunteer data" time="0.038">
    </testcase>
    <testcase classname="Volunteer Tracker Form – Integration Tests Submitting invalid form triggers validation errors" name="Volunteer Tracker Form – Integration Tests Submitting invalid form triggers validation errors" time="0.019">
    </testcase>
  </testsuite>
  <testsuite name="undefined" errors="0" failures="0" skipped="0" timestamp="2025-11-30T06:02:36" time="0.074" tests="1">
    <testcase classname=" dummy test" name=" dummy test" time="0.002">
    </testcase>
  </testsuite>
</testsuites>