<?xml version="1.0" encoding="UTF-8"?>
<testsuites name="jest tests" tests="9" failures="0" errors="0" time="8.646">
  <testsuite name="createSponsorEntry" errors="0" failures="0" skipped="0" timestamp="2025-12-01T02:02:12" time="7.225" tests="9">
    <testcase classname="createSponsorEntry returns an object with the supplied field values" name="createSponsorEntry returns an object with the supplied field values" time="0.014">
    </testcase>
    <testcase classname="validateSponsorData returns no errors for a completely valid sponsor" name="validateSponsorData returns no errors for a completely valid sponsor" time="0.005">
    </testcase>
    <testcase classname="validateSponsorData returns an error when brand is empty" name="validateSponsorData returns an error when brand is empty" time="0.004">
    </testcase>
    <testcase classname="validateSponsorData returns an error when contact name is empty" name="validateSponsorData returns an error when contact name is empty" time="0.013">
    </testcase>
    <testcase classname="validateSponsorData returns an error when email is empty" name="validateSponsorData returns an error when email is empty" time="0.012">
    </testcase>
    <testcase classname="validateSponsorData returns an error when email does not contain @" name="validateSponsorData returns an error when email does not contain @" time="0.003">
    </testcase>
    <testcase classname="validateSponsorData returns an error when event field is empty" name="validateSponsorData returns an error when event field is empty" time="0.014">
    </testcase>
    <testcase classname="integration: sponsor form submission submitting valid form adds sponsor to temporary storage" name="integration: sponsor form submission submitting valid form adds sponsor to temporary storage" time="0.196">
    </testcase>
    <testcase classname="integration: sponsor form submission submitting form with missing email shows error and does not add sponsor" name="integration: sponsor form submission submitting form with missing email shows error and does not add sponsor" time="0.034">
    </testcase>
  </testsuite>
</testsuites>